19:56:30.567 INFO  manager.ApplicationManager Testing on Chrome Driver
19:56:35.381 INFO  manager.NGListener Start
19:56:35.462 INFO  manager.NGListener Test started: loginPositiveTest
19:56:36.079 INFO  manager.MyListener Start searching element by locator By.cssSelector: a[href='/login']
19:56:37.391 INFO  manager.MyListener Finish searching element by locator By.cssSelector: a[href='/login']
19:56:40.063 INFO  manager.MyListener After clicking om[[ChromeDriver: chrome on WINDOWS (923371d9ce3d20994989e16eaf27453e)] -> css selector: a[href='/login']]
19:56:40.064 INFO  manager.MyListener Start searching element by locator By.id: user
19:56:40.107 INFO  manager.MyListener Finish searching element by locator By.id: user
19:56:40.219 INFO  manager.MyListener After clicking om[[ChromeDriver: chrome on WINDOWS (923371d9ce3d20994989e16eaf27453e)] -> id: user]
19:56:40.461 INFO  manager.MyListener Start searching element by locator By.id: login
19:56:40.496 INFO  manager.MyListener Finish searching element by locator By.id: login
19:56:40.634 INFO  manager.MyListener After clicking om[[ChromeDriver: chrome on WINDOWS (923371d9ce3d20994989e16eaf27453e)] -> id: login]
19:56:42.638 INFO  manager.MyListener Start searching element by locator By.id: password
19:56:43.245 INFO  manager.MyListener Finish searching element by locator By.id: password
19:56:43.352 INFO  manager.MyListener After clicking om[[ChromeDriver: chrome on WINDOWS (923371d9ce3d20994989e16eaf27453e)] -> id: password]
19:56:43.542 INFO  manager.MyListener Start searching element by locator By.id: login-submit
19:56:43.571 INFO  manager.MyListener Finish searching element by locator By.id: login-submit
19:56:43.668 INFO  manager.MyListener After clicking om[[ChromeDriver: chrome on WINDOWS (923371d9ce3d20994989e16eaf27453e)] -> id: login-submit]
19:56:45.673 INFO  manager.MyListener Start searching element by locator By.className: OUdAuicP657Tka
19:56:51.671 INFO  manager.MyListener Finish searching element by locator By.className: OUdAuicP657Tka
19:56:53.689 INFO  manager.MyListener Start searching element by locator By.className: OUdAuicP657Tka
19:56:53.713 INFO  manager.MyListener Finish searching element by locator By.className: OUdAuicP657Tka
19:56:53.713 INFO  manager.MyListener Start searching element by locator By.cssSelector: span[class='DweEFaF5owOe02 pMvTtmeStXaSEs rQ86P0iNikD4I9 Cg0RMJhBknTRbM']
19:56:53.736 INFO  manager.MyListener Finish searching element by locator By.cssSelector: span[class='DweEFaF5owOe02 pMvTtmeStXaSEs rQ86P0iNikD4I9 Cg0RMJhBknTRbM']
19:56:53.824 INFO  manager.MyListener After clicking om[[ChromeDriver: chrome on WINDOWS (923371d9ce3d20994989e16eaf27453e)] -> css selector: span[class='DweEFaF5owOe02 pMvTtmeStXaSEs rQ86P0iNikD4I9 Cg0RMJhBknTRbM']]
19:56:53.825 INFO  manager.MyListener Start searching element by locator By.xpath: //button[@data-testid='account-menu-logout']
19:56:53.873 INFO  manager.MyListener Finish searching element by locator By.xpath: //button[@data-testid='account-menu-logout']
19:56:55.311 INFO  manager.MyListener After clicking om[[ChromeDriver: chrome on WINDOWS (923371d9ce3d20994989e16eaf27453e)] -> xpath: //button[@data-testid='account-menu-logout']]
19:56:55.311 INFO  manager.MyListener Start searching element by locator By.id: logout-submit
19:56:55.334 INFO  manager.MyListener Finish searching element by locator By.id: logout-submit
19:56:56.045 INFO  manager.MyListener After clicking om[[ChromeDriver: chrome on WINDOWS (923371d9ce3d20994989e16eaf27453e)] -> id: logout-submit]
19:56:58.053 INFO  manager.NGListener Test successfully completed: loginPositiveTest
19:56:58.055 INFO  manager.NGListener Test started: loginPositiveTest
19:57:00.805 INFO  manager.MyListener Start searching element by locator By.cssSelector: a[href='/login']
19:57:00.850 INFO  manager.MyListener Finish searching element by locator By.cssSelector: a[href='/login']
19:57:04.038 INFO  manager.MyListener After clicking om[[ChromeDriver: chrome on WINDOWS (923371d9ce3d20994989e16eaf27453e)] -> css selector: a[href='/login']]
19:57:04.039 INFO  manager.MyListener Start searching element by locator By.id: user
19:57:04.077 INFO  manager.MyListener Finish searching element by locator By.id: user
19:57:05.430 INFO  manager.MyListener After clicking om[[ChromeDriver: chrome on WINDOWS (923371d9ce3d20994989e16eaf27453e)] -> id: user]
19:57:05.801 INFO  manager.MyListener Start searching element by locator By.id: login
19:57:05.827 INFO  manager.MyListener Finish searching element by locator By.id: login
19:57:05.936 INFO  manager.MyListener After clicking om[[ChromeDriver: chrome on WINDOWS (923371d9ce3d20994989e16eaf27453e)] -> id: login]
19:57:07.942 INFO  manager.MyListener Start searching element by locator By.id: password
19:57:08.382 INFO  manager.MyListener Finish searching element by locator By.id: password
19:57:08.564 INFO  manager.MyListener After clicking om[[ChromeDriver: chrome on WINDOWS (923371d9ce3d20994989e16eaf27453e)] -> id: password]
19:57:08.812 INFO  manager.MyListener Start searching element by locator By.id: login-submit
19:57:08.853 INFO  manager.MyListener Finish searching element by locator By.id: login-submit
19:57:09.161 INFO  manager.MyListener After clicking om[[ChromeDriver: chrome on WINDOWS (923371d9ce3d20994989e16eaf27453e)] -> id: login-submit]
19:57:11.163 INFO  manager.MyListener Start searching element by locator By.className: OUdAuicP657Tka
19:57:14.110 INFO  manager.MyListener Finish searching element by locator By.className: OUdAuicP657Tka
19:57:16.125 INFO  manager.MyListener Start searching element by locator By.className: OUdAuicP657Tka
19:57:16.153 INFO  manager.MyListener Finish searching element by locator By.className: OUdAuicP657Tka
19:57:16.153 INFO  manager.MyListener Start searching element by locator By.cssSelector: span[class='DweEFaF5owOe02 pMvTtmeStXaSEs rQ86P0iNikD4I9 Cg0RMJhBknTRbM']
19:57:26.248 ERROR manager.MyListener Something went wrong!
19:57:26.249 ERROR manager.MyListener no such element: Unable to locate element: {"method":"css selector","selector":"span[class='DweEFaF5owOe02 pMvTtmeStXaSEs rQ86P0iNikD4I9 Cg0RMJhBknTRbM']"}
  (Session info: chrome=112.0.5615.138)
For documentation on this error, please visit: https://www.seleniumhq.org/exceptions/no_such_element.html
Build info: version: '3.141.59', revision: 'e82be7d358', time: '2018-11-14T08:17:03'
System info: host: 'MLUKINA-L', ip: '192.168.80.1', os.name: 'Windows 10', os.arch: 'x86', os.version: '10.0', java.version: '1.8.0_212'
Driver info: org.openqa.selenium.chrome.ChromeDriver
Capabilities {acceptInsecureCerts: false, browserName: chrome, browserVersion: 112.0.5615.138, chrome: {chromedriverVersion: 112.0.5615.49 (bd2a7bcb881c..., userDataDir: C:\Users\mlukina\AppData\Lo...}, goog:chromeOptions: {debuggerAddress: localhost:54840}, javascriptEnabled: true, networkConnectionEnabled: false, pageLoadStrategy: normal, platform: WINDOWS, platformName: WINDOWS, proxy: Proxy(), setWindowRect: true, strictFileInteractability: false, timeouts: {implicit: 0, pageLoad: 300000, script: 30000}, unhandledPromptBehavior: dismiss and notify, webauthn:extension:credBlob: true, webauthn:extension:largeBlob: true, webauthn:extension:minPinLength: true, webauthn:extension:prf: true, webauthn:virtualAuthenticators: true}
Session ID: 923371d9ce3d20994989e16eaf27453e
*** Element info: {Using=css selector, value=span[class='DweEFaF5owOe02 pMvTtmeStXaSEs rQ86P0iNikD4I9 Cg0RMJhBknTRbM']}
19:57:26.249 ERROR manager.MyListener no such element: Unable to locate element: {"method":"css selector","selector":"span[class='DweEFaF5owOe02 pMvTtmeStXaSEs rQ86P0iNikD4I9 Cg0RMJhBknTRbM']"}
  (Session info: chrome=112.0.5615.138)
For documentation on this error, please visit: https://www.seleniumhq.org/exceptions/no_such_element.html
Build info: version: '3.141.59', revision: 'e82be7d358', time: '2018-11-14T08:17:03'
System info: host: 'MLUKINA-L', ip: '192.168.80.1', os.name: 'Windows 10', os.arch: 'x86', os.version: '10.0', java.version: '1.8.0_212'
Driver info: org.openqa.selenium.chrome.ChromeDriver
Capabilities {acceptInsecureCerts: false, browserName: chrome, browserVersion: 112.0.5615.138, chrome: {chromedriverVersion: 112.0.5615.49 (bd2a7bcb881c..., userDataDir: C:\Users\mlukina\AppData\Lo...}, goog:chromeOptions: {debuggerAddress: localhost:54840}, javascriptEnabled: true, networkConnectionEnabled: false, pageLoadStrategy: normal, platform: WINDOWS, platformName: WINDOWS, proxy: Proxy(), setWindowRect: true, strictFileInteractability: false, timeouts: {implicit: 0, pageLoad: 300000, script: 30000}, unhandledPromptBehavior: dismiss and notify, webauthn:extension:credBlob: true, webauthn:extension:largeBlob: true, webauthn:extension:minPinLength: true, webauthn:extension:prf: true, webauthn:virtualAuthenticators: true}
Session ID: 923371d9ce3d20994989e16eaf27453e
*** Element info: {Using=css selector, value=span[class='DweEFaF5owOe02 pMvTtmeStXaSEs rQ86P0iNikD4I9 Cg0RMJhBknTRbM']}
19:57:27.307 INFO  manager.MyListener Here is the link to screenshot with error: src/test/screenshots/screenshot-3446.png
19:57:27.308 ERROR manager.NGListener Test failed: loginPositiveTest
19:57:27.316 INFO  manager.NGListener Finish
