20:05:14.866 INFO  manager.ApplicationManager Testing on Chrome Driver
20:05:19.178 INFO  manager.NGListener Start
20:05:19.300 INFO  manager.NGListener Test started: loginPositiveTest
20:05:19.450 INFO  manager.MyListener Start searching element by locator By.cssSelector: a[href='/login']
20:05:20.062 INFO  manager.MyListener Finish searching element by locator By.cssSelector: a[href='/login']
20:05:22.407 INFO  manager.MyListener After clicking om[[ChromeDriver: chrome on WINDOWS (66790e00d5c81a15c1d7d538a11c8951)] -> css selector: a[href='/login']]
20:05:22.407 INFO  manager.MyListener Start searching element by locator By.id: user
20:05:22.460 INFO  manager.MyListener Finish searching element by locator By.id: user
20:05:22.688 INFO  manager.MyListener After clicking om[[ChromeDriver: chrome on WINDOWS (66790e00d5c81a15c1d7d538a11c8951)] -> id: user]
20:05:23.010 INFO  manager.MyListener Start searching element by locator By.id: login
20:05:23.040 INFO  manager.MyListener Finish searching element by locator By.id: login
20:05:23.191 INFO  manager.MyListener After clicking om[[ChromeDriver: chrome on WINDOWS (66790e00d5c81a15c1d7d538a11c8951)] -> id: login]
20:05:25.192 INFO  manager.MyListener Start searching element by locator By.id: password
20:05:26.260 INFO  manager.MyListener Finish searching element by locator By.id: password
20:05:26.423 INFO  manager.MyListener After clicking om[[ChromeDriver: chrome on WINDOWS (66790e00d5c81a15c1d7d538a11c8951)] -> id: password]
20:05:26.687 INFO  manager.MyListener Start searching element by locator By.id: login-submit
20:05:26.720 INFO  manager.MyListener Finish searching element by locator By.id: login-submit
20:05:26.848 INFO  manager.MyListener After clicking om[[ChromeDriver: chrome on WINDOWS (66790e00d5c81a15c1d7d538a11c8951)] -> id: login-submit]
20:05:28.861 INFO  manager.MyListener Start searching element by locator By.className: OUdAuicP657Tka
20:05:33.361 INFO  manager.MyListener Finish searching element by locator By.className: OUdAuicP657Tka
20:05:35.380 INFO  manager.MyListener Start searching element by locator By.className: OUdAuicP657Tka
20:05:35.404 INFO  manager.MyListener Finish searching element by locator By.className: OUdAuicP657Tka
20:05:35.404 INFO  manager.MyListener Start searching element by locator By.cssSelector: span[class='DweEFaF5owOe02 pMvTtmeStXaSEs rQ86P0iNikD4I9 Cg0RMJhBknTRbM']
20:05:35.424 INFO  manager.MyListener Finish searching element by locator By.cssSelector: span[class='DweEFaF5owOe02 pMvTtmeStXaSEs rQ86P0iNikD4I9 Cg0RMJhBknTRbM']
20:05:35.508 INFO  manager.MyListener After clicking om[[ChromeDriver: chrome on WINDOWS (66790e00d5c81a15c1d7d538a11c8951)] -> css selector: span[class='DweEFaF5owOe02 pMvTtmeStXaSEs rQ86P0iNikD4I9 Cg0RMJhBknTRbM']]
20:05:35.508 INFO  manager.MyListener Start searching element by locator By.xpath: //button[@data-testid='account-menu-logout']
20:05:35.602 INFO  manager.MyListener Finish searching element by locator By.xpath: //button[@data-testid='account-menu-logout']
20:05:37.638 INFO  manager.MyListener After clicking om[[ChromeDriver: chrome on WINDOWS (66790e00d5c81a15c1d7d538a11c8951)] -> xpath: //button[@data-testid='account-menu-logout']]
20:05:37.639 INFO  manager.MyListener Start searching element by locator By.id: logout-submit
20:05:37.658 INFO  manager.MyListener Finish searching element by locator By.id: logout-submit
20:05:38.529 INFO  manager.MyListener After clicking om[[ChromeDriver: chrome on WINDOWS (66790e00d5c81a15c1d7d538a11c8951)] -> id: logout-submit]
20:05:40.540 INFO  manager.NGListener Test successfully completed: loginPositiveTest
20:05:40.541 INFO  manager.NGListener Test started: loginPositiveTest
20:05:42.793 INFO  manager.MyListener Start searching element by locator By.cssSelector: a[href='/login']
20:05:42.816 INFO  manager.MyListener Finish searching element by locator By.cssSelector: a[href='/login']
20:05:44.363 INFO  manager.MyListener After clicking om[[ChromeDriver: chrome on WINDOWS (66790e00d5c81a15c1d7d538a11c8951)] -> css selector: a[href='/login']]
20:05:44.363 INFO  manager.MyListener Start searching element by locator By.id: user
20:05:44.509 INFO  manager.MyListener Finish searching element by locator By.id: user
20:05:44.645 INFO  manager.MyListener After clicking om[[ChromeDriver: chrome on WINDOWS (66790e00d5c81a15c1d7d538a11c8951)] -> id: user]
20:05:44.847 INFO  manager.MyListener Start searching element by locator By.id: login
20:05:44.883 INFO  manager.MyListener Finish searching element by locator By.id: login
20:05:44.974 INFO  manager.MyListener After clicking om[[ChromeDriver: chrome on WINDOWS (66790e00d5c81a15c1d7d538a11c8951)] -> id: login]
20:05:46.984 INFO  manager.MyListener Start searching element by locator By.id: password
20:05:47.089 INFO  manager.MyListener Finish searching element by locator By.id: password
20:05:47.190 INFO  manager.MyListener After clicking om[[ChromeDriver: chrome on WINDOWS (66790e00d5c81a15c1d7d538a11c8951)] -> id: password]
20:05:47.424 INFO  manager.MyListener Start searching element by locator By.id: login-submit
20:05:47.458 INFO  manager.MyListener Finish searching element by locator By.id: login-submit
20:05:47.589 INFO  manager.MyListener After clicking om[[ChromeDriver: chrome on WINDOWS (66790e00d5c81a15c1d7d538a11c8951)] -> id: login-submit]
20:05:49.594 INFO  manager.MyListener Start searching element by locator By.className: OUdAuicP657Tka
20:05:52.970 INFO  manager.MyListener Finish searching element by locator By.className: OUdAuicP657Tka
20:05:54.979 INFO  manager.MyListener Start searching element by locator By.className: OUdAuicP657Tka
20:05:55.001 INFO  manager.MyListener Finish searching element by locator By.className: OUdAuicP657Tka
20:05:55.002 INFO  manager.MyListener Start searching element by locator By.cssSelector: span[class='DweEFaF5owOe02 pMvTtmeStXaSEs rQ86P0iNikD4I9 Cg0RMJhBknTRbM']
20:06:05.046 ERROR manager.MyListener Something went wrong!
20:06:05.047 ERROR manager.MyListener no such element: Unable to locate element: {"method":"css selector","selector":"span[class='DweEFaF5owOe02 pMvTtmeStXaSEs rQ86P0iNikD4I9 Cg0RMJhBknTRbM']"}
  (Session info: chrome=112.0.5615.138)
For documentation on this error, please visit: https://www.seleniumhq.org/exceptions/no_such_element.html
Build info: version: '3.141.59', revision: 'e82be7d358', time: '2018-11-14T08:17:03'
System info: host: 'MLUKINA-L', ip: '192.168.80.1', os.name: 'Windows 10', os.arch: 'x86', os.version: '10.0', java.version: '1.8.0_212'
Driver info: org.openqa.selenium.chrome.ChromeDriver
Capabilities {acceptInsecureCerts: false, browserName: chrome, browserVersion: 112.0.5615.138, chrome: {chromedriverVersion: 112.0.5615.49 (bd2a7bcb881c..., userDataDir: C:\Users\mlukina\AppData\Lo...}, goog:chromeOptions: {debuggerAddress: localhost:55260}, javascriptEnabled: true, networkConnectionEnabled: false, pageLoadStrategy: normal, platform: WINDOWS, platformName: WINDOWS, proxy: Proxy(), setWindowRect: true, strictFileInteractability: false, timeouts: {implicit: 0, pageLoad: 300000, script: 30000}, unhandledPromptBehavior: dismiss and notify, webauthn:extension:credBlob: true, webauthn:extension:largeBlob: true, webauthn:extension:minPinLength: true, webauthn:extension:prf: true, webauthn:virtualAuthenticators: true}
Session ID: 66790e00d5c81a15c1d7d538a11c8951
*** Element info: {Using=css selector, value=span[class='DweEFaF5owOe02 pMvTtmeStXaSEs rQ86P0iNikD4I9 Cg0RMJhBknTRbM']}
20:06:05.047 ERROR manager.MyListener no such element: Unable to locate element: {"method":"css selector","selector":"span[class='DweEFaF5owOe02 pMvTtmeStXaSEs rQ86P0iNikD4I9 Cg0RMJhBknTRbM']"}
  (Session info: chrome=112.0.5615.138)
For documentation on this error, please visit: https://www.seleniumhq.org/exceptions/no_such_element.html
Build info: version: '3.141.59', revision: 'e82be7d358', time: '2018-11-14T08:17:03'
System info: host: 'MLUKINA-L', ip: '192.168.80.1', os.name: 'Windows 10', os.arch: 'x86', os.version: '10.0', java.version: '1.8.0_212'
Driver info: org.openqa.selenium.chrome.ChromeDriver
Capabilities {acceptInsecureCerts: false, browserName: chrome, browserVersion: 112.0.5615.138, chrome: {chromedriverVersion: 112.0.5615.49 (bd2a7bcb881c..., userDataDir: C:\Users\mlukina\AppData\Lo...}, goog:chromeOptions: {debuggerAddress: localhost:55260}, javascriptEnabled: true, networkConnectionEnabled: false, pageLoadStrategy: normal, platform: WINDOWS, platformName: WINDOWS, proxy: Proxy(), setWindowRect: true, strictFileInteractability: false, timeouts: {implicit: 0, pageLoad: 300000, script: 30000}, unhandledPromptBehavior: dismiss and notify, webauthn:extension:credBlob: true, webauthn:extension:largeBlob: true, webauthn:extension:minPinLength: true, webauthn:extension:prf: true, webauthn:virtualAuthenticators: true}
Session ID: 66790e00d5c81a15c1d7d538a11c8951
*** Element info: {Using=css selector, value=span[class='DweEFaF5owOe02 pMvTtmeStXaSEs rQ86P0iNikD4I9 Cg0RMJhBknTRbM']}
20:06:05.367 INFO  manager.MyListener Here is the link to screenshot with error: src/test/screenshots/screenshot-365.png
20:06:05.367 ERROR manager.NGListener Test failed: loginPositiveTest
20:06:05.370 INFO  manager.NGListener Finish
